<?xml version="1.0" encoding="UTF-8"?>
<!-- Generated by org.testng.reporters.JUnitReportReporter -->
<testsuite hostname="DESKTOP-H2RVOK7" name="com.chenfeng.studentinfo.CourseSessionTest" tests="3" failures="0" timestamp="26 Nov 2019 01:37:10 GMT" time="0.001" errors="0">
  <testcase name="testCreate" time="0.001" classname="com.chenfeng.studentinfo.CourseSessionTest"/>
  <testcase name="testEnrollStudents" time="0.000" classname="com.chenfeng.studentinfo.CourseSessionTest"/>
  <testcase name="testCourseDates" time="0.000" classname="com.chenfeng.studentinfo.CourseSessionTest"/>
</testsuite> <!-- com.chenfeng.studentinfo.CourseSessionTest -->
