<?xml version="1.0" encoding="UTF-8"?>
<!-- Generated by org.testng.reporters.JUnitReportReporter -->
<testsuite hostname="DESKTOP-H2RVOK7" name="com.chenfeng.studentinfo.DateUtilTest" tests="1" failures="0" timestamp="26 Nov 2019 01:37:10 GMT" time="0.000" errors="0">
  <testcase name="testCreateDate" time="0.000" classname="com.chenfeng.studentinfo.DateUtilTest"/>
</testsuite> <!-- com.chenfeng.studentinfo.DateUtilTest -->
