<?xml version="1.0" encoding="UTF-8"?>
<!-- Generated by org.testng.reporters.JUnitReportReporter -->
<testsuite hostname="DESKTOP-H2RVOK7" name="com.chenfeng.studentinfo.RosterReporterTest" tests="1" failures="0" timestamp="26 Nov 2019 01:37:10 GMT" time="0.001" errors="0">
  <testcase name="testRosterReport" time="0.001" classname="com.chenfeng.studentinfo.RosterReporterTest"/>
</testsuite> <!-- com.chenfeng.studentinfo.RosterReporterTest -->
