<?xml version="1.0" encoding="UTF-8"?>
<!-- Generated by org.testng.reporters.JUnitReportReporter -->
<testsuite hostname="MacBook-Pro" name="com.chenfeng.studentinfo.CourseSessionTest" tests="3" failures="0" timestamp="30 Nov 2019 06:10:32 GMT" time="0.000" errors="0">
  <testcase name="testCourseDates" time="0.000" classname="com.chenfeng.studentinfo.CourseSessionTest"/>
  <testcase name="testCreate" time="0.000" classname="com.chenfeng.studentinfo.CourseSessionTest"/>
  <testcase name="testEnrollStudents" time="0.000" classname="com.chenfeng.studentinfo.CourseSessionTest"/>
</testsuite> <!-- com.chenfeng.studentinfo.CourseSessionTest -->
