<?xml version="1.0" encoding="UTF-8"?>
<!-- Generated by org.testng.reporters.JUnitReportReporter -->
<testsuite hostname="MacBook-Pro" name="com.chenfeng.studentinfo.StudentTest" tests="1" failures="0" timestamp="30 Nov 2019 06:10:32 GMT" time="0.007" errors="0">
  <testcase name="testCreate" time="0.007" classname="com.chenfeng.studentinfo.StudentTest"/>
</testsuite> <!-- com.chenfeng.studentinfo.StudentTest -->
